[09:21:51.363][CONSTRUCT][CLIENT][INFO] Starting building internal Registries
[09:21:52.699][CONSTRUCT][CLIENT][INFO] The following mods have explicit CraftTweaker support:
'astralsorcery' at version '1.16.5-1.13.12'
'bloodmagic' at version '1.16.4-3.1.5-25'
'botania' at version '1.16.5-420'
'botanypots' at version '7.0.17'
'crafttweaker' at version '7.1.2.455'
'extendedcrafting' at version '3.1.9'
'foregoing_tweaker' at version 'task ':jar' property 'archiveVersion''
'immersiveengineering' at version '1.16.5-5.0.5-140'
'jeitweaker' at version '1.0.1.35'
'mysticalagriculture' at version '4.2.5'
'projecte' at version 'PE1.0.1B'
'rootsclassic' at version '1.16.5-1.1.13'
'thermal' at version '1.3.2'
'thermal_foundation' at version '1.3.2'
[09:21:53.474][CONSTRUCT][CLIENT][INFO] Completed building internal Registries
[09:22:10.363][COMMON_SETUP][CLIENT][INFO] Started loading Scripts for Loader 'setupCommon'!
[09:22:10.804][COMMON_SETUP][CLIENT][INFO] Finished loading Scripts!
[09:22:37.072][DONE][CLIENT][INFO] Started loading Scripts for Loader 'crafttweaker'!
[09:22:37.131][DONE][CLIENT][INFO] Finished loading Scripts!
[09:22:43.596][DONE][CLIENT][INFO] Started loading Scripts for Loader 'crafttweaker'!
[09:22:43.639][DONE][CLIENT][INFO] Finished loading Scripts!
[09:22:51.992][DONE][CLIENT][INFO] Started loading Scripts for Loader 'crafttweaker'!
[09:22:52.043][DONE][CLIENT][INFO] Finished loading Scripts!
[09:22:58.058][DONE][CLIENT][INFO] Started loading Scripts for Loader 'crafttweaker'!
[09:22:58.098][DONE][CLIENT][INFO] Finished loading Scripts!
