[21:00:37] [Render thread/INFO] [JMLogger] JourneyMap log initialized.
[21:00:37] [Render thread/INFO] [JourneymapClient] initialize ENTER
[21:00:37] [Render thread/WARN] [PropertiesBase] core (Initialized) Bad configField entry during updateFrom(): optionsManagerViewed=null
[21:00:37] [Render thread/INFO] [?] Version: JourneyMap 1.16.5-5.7.3, built with Forge 1.16.5-36.2.0
Forge: 36.2.0
Environment: os.name, os.arch, java.version, user.country, user.language=null, game language=en_us, locale=en_us
Features: 
	RadarPlayers : singleplayer = true , multiplayer = true
	RadarAnimals : singleplayer = true , multiplayer = true
	RadarMobs : singleplayer = true , multiplayer = true
	RadarVillagers : singleplayer = true , multiplayer = true
	MapTopo : singleplayer = true , multiplayer = true
	MapSurface : singleplayer = true , multiplayer = true
	MapCaves : singleplayer = true , multiplayer = true
MiniMapProperties{state=Valid, file=journeymap.minimap.config, configVersion=5.7.3, zoomLevel=0, showPlayers=true, frameAlpha=100, compassFontScale=1.0, terrainAlpha=100, backgroundAlpha=0.8, showEntityNames=true, enabled=true, positionX=90, positionY=25, showPlayerHeading=true, showVillagers=true, info2Label=jm.theme.labelsource.gametime, sizePercent=30, playerDisplayScale=0.5, showDayNight=true, info3Label=jm.theme.labelsource.location, showMobs=true, showPets=true, waypointLabelScale=1.0, preferredMapType=day, showCompass=true, mobDisplay=jm.common.entity_display.dots, showReticle=true, orientation=jm.minimap.orientation.north, systemTimeRealFormat=HH:mm:ss, shape=jm.minimap.shape_circle, showSelf=true, info4Label=jm.theme.labelsource.biome, locationFormat=xzyv, playerDisplay=jm.common.entity_display.dots, mobDisplayScale=0.5, showGrid=true, reticleOrientation=jm.minimap.orientation.compass, gameTimeRealFormat=HH:mm:ss, showWaypoints=true, showCaves=true, showAnimals=true, showMobHeading=true, showWaypointLabels=true, locationFormatVerbose=true, position=jm.minimap.position_topright, info1Label=jm.theme.labelsource.blank, fontScale=1.0}
MiniMapProperties{state=Valid, file=journeymap.minimap2.config, configVersion=5.7.3, zoomLevel=0, showPlayers=true, frameAlpha=100, compassFontScale=1.0, terrainAlpha=100, backgroundAlpha=0.8, showEntityNames=true, enabled=true, positionX=90, positionY=25, showPlayerHeading=true, showVillagers=true, info2Label=jm.theme.labelsource.gametime, sizePercent=30, playerDisplayScale=0.5, showDayNight=true, info3Label=jm.theme.labelsource.location, showMobs=true, showPets=true, waypointLabelScale=1.0, preferredMapType=day, showCompass=true, mobDisplay=jm.common.entity_display.dots, showReticle=true, orientation=jm.minimap.orientation.north, systemTimeRealFormat=HH:mm:ss, shape=jm.minimap.shape_rectangle, showSelf=true, info4Label=jm.theme.labelsource.biome, locationFormat=xzyv, playerDisplay=jm.common.entity_display.dots, mobDisplayScale=0.5, showGrid=true, reticleOrientation=jm.minimap.orientation.compass, gameTimeRealFormat=HH:mm:ss, showWaypoints=true, showCaves=true, showAnimals=true, showMobHeading=true, showWaypointLabels=true, locationFormatVerbose=true, position=jm.minimap.position_topright, info1Label=jm.theme.labelsource.blank, fontScale=1.0}
FullMapProperties{state=Valid, file=journeymap.fullmap.config, configVersion=5.7.3, zoomLevel=1, showPlayers=true, showEntityNames=true, showPlayerHeading=true, showVillagers=true, showPlayerLoc=true, showKeys=true, playerDisplayScale=0.5, showMobs=true, showPets=true, waypointLabelScale=1.0, preferredMapType=day, mobDisplay=jm.common.entity_display.dots, showSelf=true, locationFormat=xzyv, playerDisplay=jm.common.entity_display.dots, mobDisplayScale=0.5, showGrid=true, showMouseLoc=true, showWaypoints=true, showCaves=true, showAnimals=true, showMobHeading=true, showWaypointLabels=true, locationFormatVerbose=true, fontScale=1.0}
WaypointProperties{state=Valid, file=journeymap.waypoint.config, configVersion=5.7.3, autoRemoveDeathpointDistance=2, createDeathpoints=true, showName=true, dateFormat=MM-dd-yyyy, autoRemoveDeathpoints=false, maxDistance=0, autoHideLabel=true, teleportCommand=/tp {name} {x} {y} {z}, showStaticBeam=true, fullscreenDoubleClickToCreate=true, managerDimensionFocus=false, minDistance=4, timeFormat=HH:mm:ss, boldLabel=false, showDeviationLabel=false, textureSmall=true, showDeathpointlabel=true, showDistance=true, showRotatingBeam=true, fontScale=2.0, showTexture=true, managerEnabled=true, beaconEnabled=true}
WebMapProperties{state=Valid, file=journeymap.webmap.config, configVersion=5.7.3, port=8080, enabled=false}
CoreProperties{state=Valid, file=journeymap.core.config, configVersion=5.7.3, verboseColorPalette=false, maxPlayersData=32, mapSurfaceAboveCaves=true, optionsManagerViewed=null, announceMod=true, colorPassive=#bbbbbb, renderOverlayEventTypeName=ALL, mapBlendWater=false, renderDistanceSurfaceMax=7, radarVerticalDistance=16, mapBlendGrass=true, recordCacheStats=false, hideSneakingEntities=true, revealShape=jm.minimap.shape_circle, alwaysMapSurface=false, colorVillager=#88e188, mapPlants=false, colorPet=#0077ff, radarLateralDistance=64, mapBathymetry=false, mapCrops=true, maxMobsData=32, mapPlantShadows=false, alwaysMapCaves=false, checkUpdates=true, browserPoll=2000, mapBlendFoliage=true, hideSpectators=false, mappingEnabled=true, colorPlayer=#ffffff, tileHighDisplayQuality=true, cacheVillagersData=2200, logLevel=INFO, maxVillagersData=32, maxAnimalsData=32, mapTransparency=true, tileRenderType=1, caveIgnoreGlass=true, mapTopography=true, renderDistanceCaveMax=3, mapAntialiasing=true, colorSelf=#0000ff, cachePlayersData=2000, cacheMobsData=3000, cachePlayerData=1000, splashViewed=5.7.3, colorHostile=#ff0000, cacheAnimalsData=3100, themeName=OceanMonument, mapCaveLighting=true, renderDelay=2, renderOverlayPreEvent=true, autoMapPoll=2000}
[21:00:37] [Render thread/INFO] [ClientAPI] [ClientAPI] built with JourneyMap API 1.6-SNAPSHOT
[21:00:37] [Render thread/INFO] [PluginHelper] Initializing plugins with Client API: journeymap.client.api.impl.ClientAPI
[21:00:37] [Render thread/INFO] [JourneymapClient] initialize EXIT, elapsed count 0 avg ?ms
[21:00:37] [Render thread/ERROR] [FileHandler] Couldn't locate icons for Default: C:\Users\jamie\curseforge\minecraft\Instances\HarvestBlock%202\mods\journeymap-1.16.5-5.7.3.jar\assets\journeymap\icon\entity
[21:00:37] [Render thread/INFO] [IconSetFileHandler] Added entity icons from journeymap:icon/entity. Success: false
[21:00:37] [Render thread/ERROR] [FileHandler] Couldn't locate icons for flat: C:\Users\jamie\curseforge\minecraft\Instances\HarvestBlock%202\mods\journeymap-1.16.5-5.7.3.jar\assets\journeymap\theme\flat
[21:00:37] [Render thread/INFO] [ThemeLoader] Preloaded theme textures: 0
[21:00:37] [JM-VersionCheck-1/WARN] [VersionCheck$1] No versions found online for 1.16.5
[21:01:21] [Server thread/INFO] [ForgeConfig] Loading JourneyMap Forge Configs
[21:01:34] [Render thread/INFO] [ChatLog] 
[21:01:34] [Render thread/WARN] [PropertiesBase] core (Initialized) Bad configField entry during updateFrom(): optionsManagerViewed=null
[21:01:34] [Render thread/INFO] [WaypointStore] Loaded 0 waypoints from C:\Users\jamie\curseforge\minecraft\Instances\HarvestBlock 2\journeymap\data\sp\New World ~2~\waypoints
[21:01:34] [Render thread/INFO] [JourneymapClient] Mapping started in C:\Users\jamie\curseforge\minecraft\Instances\HarvestBlock 2\journeymap\data\sp\New World ~2~\C:\Users\jamie\curseforge\minecraft\Instances\HarvestBlock 2\journeymap\data\sp\New World ~2~\overworld. Memory: 3506MB total, 702MB free 
[21:07:38] [Render thread/INFO] [JourneymapClient] Mapping halted in C:\Users\jamie\curseforge\minecraft\Instances\HarvestBlock 2\journeymap\data\mp\offline\minecraft:overworld
